INFO:models.fraud_pipeline:Fraud detection pipeline loaded successfully
INFO:__main__:Fraud detection pipeline initialized successfully
=== UPI Fraud Detection Web Application ===
Initializing fraud detection pipeline...
Preprocessor loaded from /Users/deepak/Downloads/project/upi_fraud_detection/models
Model loaded from: /Users/deepak/Downloads/project/upi_fraud_detection/models/fraud_detection_model.pkl
✅ Pipeline loaded successfully!
🚀 Starting web application on http://0.0.0.0:5001

Available endpoints:
  GET  /                     - Web Interface
  GET  /api/health           - Health check
  POST /api/detect-fraud     - Single fraud detection
  POST /api/batch-detect     - Batch fraud detection
  GET  /api/model-info       - Model information
  GET  /api/statistics       - API statistics
  POST /api/update-thresholds - Update thresholds
  GET  /api/sample-transaction - Get sample data
  GET  /api/test-scenarios   - Get test scenarios
  GET  /api/test-fraud-detection - Test with sample data
  POST /api/reset-stats      - Reset statistics

============================================================
🌐 Open http://localhost:5001 in your browser to use the web interface!
============================================================
 * Serving Flask app 'web_app'
 * Debug mode: on
Address already in use
Port 5001 is in use by another program. Either identify and stop that program, or start the server with a different port.
